<?xml version="1.0" encoding="UTF-8"?>
<!-- Generated by org.testng.reporters.JUnitXMLReporter -->
<testsuite ignored="0" hostname="DESKTOP-T42PKF8" failures="0" tests="4" name="Report TEST" time="39.627" errors="0" timestamp="30 May 2022 17:01:38 GMT">
  <testcase classname="testcases.Reports" name="clickOnReportTab" time="7.957"/>
  <testcase classname="testcases.Reports" name="tsReportPage" time="10.221"/>
  <testcase classname="testcases.Reports" name="tsDetailedReportPage" time="10.348"/>
  <testcase classname="testcases.Reports" name="ptoBanksPage" time="11.093"/>
</testsuite> <!-- Report TEST -->
