<?xml version="1.0" encoding="UTF-8"?>
<!-- Generated by org.testng.reporters.JUnitXMLReporter -->
<testsuite ignored="0" hostname="DESKTOP-CRE3CMG" failures="0" tests="3" name="Report TEST" time="30.202" errors="0" timestamp="30 May 2022 06:41:04 GMT">
  <testcase classname="testcases.Reports" name="clickOnReportTab" time="9.514"/>
  <testcase classname="testcases.Reports" name="tsReportPage" time="10.244"/>
  <testcase classname="testcases.Reports" name="tsDetailedReportPage" time="10.429"/>
</testsuite> <!-- Report TEST -->
