<?xml version="1.0" encoding="UTF-8"?>
<testng-results ignored="0" total="2" passed="2" failed="0" skipped="0">
  <reporter-output>
  </reporter-output>
  <suite started-at="2022-05-22T10:51:57Z" name="TCW TESTING" finished-at="2022-05-22T10:52:11Z" duration-ms="13496">
    <groups>
    </groups>
    <test started-at="2022-05-22T10:51:57Z" name="LOGIN TEST" finished-at="2022-05-22T10:52:10Z" duration-ms="13188">
      <class name="testcases.LogInTest">
        <test-method signature="doLogin(java.lang.String, java.lang.String)[pri:1, instance:testcases.LogInTest@6fa590ba]" started-at="2022-05-22T10:51:57Z" name="doLogin" data-provider="dp1" finished-at="2022-05-22T10:52:10Z" duration-ms="13074" status="PASS">
          <params>
            <param index="0">
              <value>
                <![CDATA[sa]]>
              </value>
            </param>
            <param index="1">
              <value>
                <![CDATA[tbtcw@2!!2]]>
              </value>
            </param>
          </params>
          <reporter-output>
          </reporter-output>
        </test-method> <!-- doLogin -->
      </class> <!-- testcases.LogInTest -->
    </test> <!-- LOGIN TEST -->
    <test started-at="2022-05-22T10:52:11Z" name="DASHBOARD TEST" finished-at="2022-05-22T10:52:11Z" duration-ms="18">
      <class name="testcases.DashBoard">
        <test-method is-config="true" signature="setUp()[pri:0, instance:testcases.DashBoard@7cbee484]" started-at="2022-05-22T10:51:53Z" name="setUp" finished-at="2022-05-22T10:51:57Z" duration-ms="4154" status="PASS">
          <reporter-output>
          </reporter-output>
        </test-method> <!-- setUp -->
        <test-method signature="landingOnDashBoard()[pri:1, instance:testcases.DashBoard@7cbee484]" started-at="2022-05-22T10:52:11Z" name="landingOnDashBoard" finished-at="2022-05-22T10:52:11Z" duration-ms="16" status="PASS">
          <reporter-output>
          </reporter-output>
        </test-method> <!-- landingOnDashBoard -->
      </class> <!-- testcases.DashBoard -->
    </test> <!-- DASHBOARD TEST -->
  </suite> <!-- TCW TESTING -->
</testng-results>
