<?xml version="1.0" encoding="UTF-8"?>
<!-- Generated by org.testng.reporters.JUnitXMLReporter -->
<testsuite ignored="0" hostname="DESKTOP-T42PKF8" failures="1" tests="2" name="Time Sheet Test" time="13.106" errors="0" timestamp="12 Feb 2022 17:07:08 GMT">
  <testcase classname="testcases.TimeSheet" name="clickOnTimeSheet" time="7.911"/>
  <testcase classname="testcases.TimeSheet" name="addTimeRecord" time="5.018">
    <failure type="java.lang.NullPointerException" message="Cannot invoke &amp;quot;org.openqa.selenium.JavascriptExecutor.executeScript(String, Object[])&amp;quot; because &amp;quot;testcases.TimeSheet.js&amp;quot; is null">
      <![CDATA[java.lang.NullPointerException: Cannot invoke "org.openqa.selenium.JavascriptExecutor.executeScript(String, Object[])" because "testcases.TimeSheet.js" is null
at testcases.TimeSheet.addTimeRecord(TimeSheet.java:33)
... Removed 25 stack frames]]>
    </failure>
  </testcase> <!-- addTimeRecord -->
</testsuite> <!-- Time Sheet Test -->
