<?xml version="1.0" encoding="UTF-8"?>
<testsuite name="Report TEST"
           tests="3"
           failures="0"
           errors="0"
           skipped="0"
           time="30.187">
  <properties />
  
  
            <testcase name="tsReportPage" time="10.244" classname="testcases.Reports" />
                <testcase name="tsDetailedReportPage" time="10.429" classname="testcases.Reports" />
                <testcase name="clickOnReportTab" time="9.514" classname="testcases.Reports" />
      
</testsuite>
