<?xml version="1.0" encoding="UTF-8"?>
<testng-results ignored="0" total="5" passed="5" failed="0" skipped="0">
  <reporter-output>
  </reporter-output>
  <suite started-at="2022-05-30T17:00:43Z" name="TCW TESTING" finished-at="2022-05-30T17:01:38Z" duration-ms="55045">
    <groups>
    </groups>
    <test started-at="2022-05-30T17:00:43Z" name="LOGIN TEST" finished-at="2022-05-30T17:00:58Z" duration-ms="15134">
      <class name="testcases.LogInTest">
        <test-method signature="doLogin(java.lang.String, java.lang.String)[pri:1, instance:testcases.LogInTest@7fe083b1]" started-at="2022-05-30T17:00:43Z" name="doLogin" data-provider="dp1" finished-at="2022-05-30T17:00:58Z" duration-ms="15004" status="PASS">
          <params>
            <param index="0">
              <value>
                <![CDATA[sa]]>
              </value>
            </param>
            <param index="1">
              <value>
                <![CDATA[tbtcw@2!!2]]>
              </value>
            </param>
          </params>
          <reporter-output>
          </reporter-output>
        </test-method> <!-- doLogin -->
      </class> <!-- testcases.LogInTest -->
    </test> <!-- LOGIN TEST -->
    <test started-at="2022-05-30T17:00:58Z" name="Report TEST" finished-at="2022-05-30T17:01:38Z" duration-ms="39627">
      <class name="testcases.Reports">
        <test-method is-config="true" signature="setUp()[pri:0, instance:testcases.Reports@158d255c]" started-at="2022-05-30T17:00:39Z" name="setUp" finished-at="2022-05-30T17:00:43Z" duration-ms="4046" status="PASS">
          <reporter-output>
          </reporter-output>
        </test-method> <!-- setUp -->
        <test-method signature="clickOnReportTab()[pri:1, instance:testcases.Reports@158d255c]" started-at="2022-05-30T17:00:58Z" name="clickOnReportTab" finished-at="2022-05-30T17:01:06Z" duration-ms="7957" status="PASS">
          <reporter-output>
          </reporter-output>
        </test-method> <!-- clickOnReportTab -->
        <test-method signature="tsReportPage()[pri:2, instance:testcases.Reports@158d255c]" started-at="2022-05-30T17:01:06Z" name="tsReportPage" finished-at="2022-05-30T17:01:16Z" duration-ms="10221" status="PASS">
          <reporter-output>
          </reporter-output>
        </test-method> <!-- tsReportPage -->
        <test-method signature="tsDetailedReportPage()[pri:3, instance:testcases.Reports@158d255c]" started-at="2022-05-30T17:01:16Z" name="tsDetailedReportPage" finished-at="2022-05-30T17:01:27Z" duration-ms="10348" status="PASS">
          <reporter-output>
          </reporter-output>
        </test-method> <!-- tsDetailedReportPage -->
        <test-method signature="ptoBanksPage()[pri:4, instance:testcases.Reports@158d255c]" started-at="2022-05-30T17:01:27Z" name="ptoBanksPage" finished-at="2022-05-30T17:01:38Z" duration-ms="11093" status="PASS">
          <reporter-output>
          </reporter-output>
        </test-method> <!-- ptoBanksPage -->
      </class> <!-- testcases.Reports -->
    </test> <!-- Report TEST -->
  </suite> <!-- TCW TESTING -->
</testng-results>
