<?xml version="1.0" encoding="UTF-8"?>
<testng-results ignored="0" total="3" passed="3" failed="0" skipped="0">
  <reporter-output>
  </reporter-output>
  <suite started-at="2022-05-29T11:19:41Z" name="TCW TESTING" finished-at="2022-05-29T11:20:12Z" duration-ms="31076">
    <groups>
    </groups>
    <test started-at="2022-05-29T11:19:41Z" name="LOGIN TEST" finished-at="2022-05-29T11:19:54Z" duration-ms="12910">
      <class name="testcases.LogInTest">
        <test-method signature="doLogin(java.lang.String, java.lang.String)[pri:1, instance:testcases.LogInTest@7fe083b1]" started-at="2022-05-29T11:19:41Z" name="doLogin" data-provider="dp1" finished-at="2022-05-29T11:19:54Z" duration-ms="12742" status="PASS">
          <params>
            <param index="0">
              <value>
                <![CDATA[sa]]>
              </value>
            </param>
            <param index="1">
              <value>
                <![CDATA[tbtcw@2!!2]]>
              </value>
            </param>
          </params>
          <reporter-output>
          </reporter-output>
        </test-method> <!-- doLogin -->
      </class> <!-- testcases.LogInTest -->
    </test> <!-- LOGIN TEST -->
    <test started-at="2022-05-29T11:19:54Z" name="Report TEST" finished-at="2022-05-29T11:20:12Z" duration-ms="17888">
      <class name="testcases.Reports">
        <test-method is-config="true" signature="setUp()[pri:0, instance:testcases.Reports@5149f008]" started-at="2022-05-29T11:19:37Z" name="setUp" finished-at="2022-05-29T11:19:41Z" duration-ms="4795" status="PASS">
          <reporter-output>
          </reporter-output>
        </test-method> <!-- setUp -->
        <test-method signature="clickOnReportTab()[pri:1, instance:testcases.Reports@5149f008]" started-at="2022-05-29T11:19:54Z" name="clickOnReportTab" finished-at="2022-05-29T11:20:02Z" duration-ms="7635" status="PASS">
          <reporter-output>
          </reporter-output>
        </test-method> <!-- clickOnReportTab -->
        <test-method signature="tsReportPage()[pri:2, instance:testcases.Reports@5149f008]" started-at="2022-05-29T11:20:02Z" name="tsReportPage" finished-at="2022-05-29T11:20:12Z" duration-ms="10248" status="PASS">
          <reporter-output>
          </reporter-output>
        </test-method> <!-- tsReportPage -->
      </class> <!-- testcases.Reports -->
    </test> <!-- Report TEST -->
  </suite> <!-- TCW TESTING -->
</testng-results>
